<?xml version="1.0" encoding="UTF-8"?>
<!-- Generated by org.testng.reporters.JUnitReportReporter -->
<testsuite hostname="Ravis-MacBook-Pro-2.local" failures="0" tests="9" name="cucumberOptions.TestNGTestRunner" time="0.123" errors="0" timestamp="2024-04-15T16:02:42 PDT" skipped="0">
  <testcase classname="cucumberOptions.TestNGTestRunner" name="runScenario" time="0.004"/>
  <testcase classname="cucumberOptions.TestNGTestRunner" name="runScenario" time="0.004"/>
  <testcase classname="cucumberOptions.TestNGTestRunner" name="runScenario" time="0.084"/>
  <testcase classname="cucumberOptions.TestNGTestRunner" name="runScenario" time="0.007"/>
  <testcase classname="cucumberOptions.TestNGTestRunner" name="runScenario" time="0.005"/>
  <testcase classname="cucumberOptions.TestNGTestRunner" name="runScenario" time="0.005"/>
  <testcase classname="cucumberOptions.TestNGTestRunner" name="runScenario" time="0.004"/>
  <testcase classname="cucumberOptions.TestNGTestRunner" name="runScenario" time="0.006"/>
  <testcase classname="cucumberOptions.TestNGTestRunner" name="runScenario" time="0.004"/>
</testsuite> <!-- cucumberOptions.TestNGTestRunner -->
